
  [4;36;1mSQL (0.2ms)[0m   [0;1mSET client_min_messages TO 'panic'[0m
  [4;35;1mSQL (0.1ms)[0m   [0mSET client_min_messages TO 'notice'[0m


Processing HomeController#index (for 127.0.0.1 at 2009-07-30 11:00:08) [GET]
  [4;36;1mFuncionario Load (1.2ms)[0m   [0;1mSELECT * FROM "funcionarios" WHERE ("funcionarios"."id" = 1) LIMIT 1[0m
Rendering template within layouts/blue
Rendering home/index
Rendered menus/_menu (11.2ms)
Completed in 71ms (View: 26, DB: 2) | 200 OK [http://localhost/]
  [4;35;1mSQL (0.2ms)[0m   [0mSET client_min_messages TO 'panic'[0m
  [4;36;1mSQL (0.1ms)[0m   [0;1mSET client_min_messages TO 'notice'[0m


Processing ApplicationController#index (for 127.0.0.1 at 2009-07-30 11:00:12) [GET]

ActionController::RoutingError (No route matches "/usuarios" with {:method=>:get}):
  /usr/lib/ruby/1.8/mongrel.rb:159:in `process_client'
  /usr/lib/ruby/1.8/mongrel.rb:158:in `each'
  /usr/lib/ruby/1.8/mongrel.rb:158:in `process_client'
  /usr/lib/ruby/1.8/mongrel.rb:285:in `run'
  /usr/lib/ruby/1.8/mongrel.rb:285:in `initialize'
  /usr/lib/ruby/1.8/mongrel.rb:285:in `new'
  /usr/lib/ruby/1.8/mongrel.rb:285:in `run'
  /usr/lib/ruby/1.8/mongrel.rb:268:in `initialize'
  /usr/lib/ruby/1.8/mongrel.rb:268:in `new'
  /usr/lib/ruby/1.8/mongrel.rb:268:in `run'

Rendering rescues/layout (not_found)
  [4;35;1mSQL (0.2ms)[0m   [0mSET client_min_messages TO 'panic'[0m
  [4;36;1mSQL (0.2ms)[0m   [0;1mSET client_min_messages TO 'notice'[0m


Processing NotasFiscaisController#index (for 127.0.0.1 at 2009-07-30 11:00:21) [GET]
  [4;35;1mNotaFiscal Load (1.6ms)[0m   [0mSELECT * FROM "notas_fiscais" [0m
Rendering template within layouts/blue
Rendering notas_fiscais/index
  [4;36;1mCliente Load (1.0ms)[0m   [0;1mSELECT * FROM "clientes" WHERE ("clientes"."id" = 1) [0m
  [4;35;1mCACHE (0.0ms)[0m   [0mSELECT * FROM "clientes" WHERE ("clientes"."id" = 1) [0m
  [4;36;1mFuncionario Load (1.2ms)[0m   [0;1mSELECT * FROM "funcionarios" WHERE ("funcionarios"."id" = 1) LIMIT 1[0m
Rendered menus/_menu (24.7ms)
Completed in 84ms (View: 66, DB: 4) | 200 OK [http://localhost/notas_fiscais]
  [4;35;1mSQL (0.1ms)[0m   [0mSET client_min_messages TO 'panic'[0m
  [4;36;1mSQL (0.1ms)[0m   [0;1mSET client_min_messages TO 'notice'[0m


Processing NotasFiscaisController#new (for 127.0.0.1 at 2009-07-30 11:00:24) [GET]
Rendering template within layouts/blue
Rendering notas_fiscais/new
  [4;35;1mSQL (0.5ms)[0m   [0mSELECT count(*) AS count_all FROM "clientes" [0m
  [4;36;1mCliente Load (0.6ms)[0m   [0;1mSELECT * FROM "clientes" [0m
Rendered notas_fiscais/_form (35.4ms)
  [4;35;1mFuncionario Load (1.0ms)[0m   [0mSELECT * FROM "funcionarios" WHERE ("funcionarios"."id" = 1) LIMIT 1[0m
Rendered menus/_menu (24.5ms)
Completed in 109ms (View: 89, DB: 2) | 200 OK [http://localhost/notas_fiscais/new]
  [4;36;1mSQL (0.2ms)[0m   [0;1mSET client_min_messages TO 'panic'[0m
  [4;35;1mSQL (0.1ms)[0m   [0mSET client_min_messages TO 'notice'[0m


Processing NotasFiscaisController#new (for 127.0.0.1 at 2009-07-30 11:02:53) [GET]
Rendering template within layouts/blue
Rendering notas_fiscais/new
  [4;36;1mSQL (0.5ms)[0m   [0;1mSELECT count(*) AS count_all FROM "clientes" [0m
  [4;35;1mCliente Load (0.6ms)[0m   [0mSELECT * FROM "clientes" [0m
Rendered notas_fiscais/_form (37.1ms)
  [4;36;1mFuncionario Load (1.0ms)[0m   [0;1mSELECT * FROM "funcionarios" WHERE ("funcionarios"."id" = 1) LIMIT 1[0m
Rendered menus/_menu (25.2ms)
Completed in 93ms (View: 73, DB: 2) | 200 OK [http://localhost/notas_fiscais/new]
  [4;35;1mSQL (0.3ms)[0m   [0mSET client_min_messages TO 'panic'[0m
  [4;36;1mSQL (0.2ms)[0m   [0;1mSET client_min_messages TO 'notice'[0m


Processing NotasFiscaisController#new (for 127.0.0.1 at 2009-07-30 11:02:55) [GET]
Rendering template within layouts/blue
Rendering notas_fiscais/new
  [4;35;1mSQL (0.5ms)[0m   [0mSELECT count(*) AS count_all FROM "clientes" [0m
  [4;36;1mCliente Load (0.6ms)[0m   [0;1mSELECT * FROM "clientes" [0m
Rendered notas_fiscais/_form (32.9ms)
  [4;35;1mFuncionario Load (1.2ms)[0m   [0mSELECT * FROM "funcionarios" WHERE ("funcionarios"."id" = 1) LIMIT 1[0m
Rendered menus/_menu (26.1ms)
Completed in 87ms (View: 66, DB: 3) | 200 OK [http://localhost/notas_fiscais/new]
  [4;36;1mSQL (0.2ms)[0m   [0;1mSET client_min_messages TO 'panic'[0m
  [4;35;1mSQL (0.2ms)[0m   [0mSET client_min_messages TO 'notice'[0m


Processing NotasFiscaisController#new (for 127.0.0.1 at 2009-07-30 11:02:57) [GET]
Rendering template within layouts/blue
Rendering notas_fiscais/new
  [4;36;1mSQL (0.5ms)[0m   [0;1mSELECT count(*) AS count_all FROM "clientes" [0m
  [4;35;1mCliente Load (0.6ms)[0m   [0mSELECT * FROM "clientes" [0m
Rendered notas_fiscais/_form (32.3ms)
  [4;36;1mFuncionario Load (1.0ms)[0m   [0;1mSELECT * FROM "funcionarios" WHERE ("funcionarios"."id" = 1) LIMIT 1[0m
Rendered menus/_menu (25.7ms)
Completed in 86ms (View: 65, DB: 3) | 200 OK [http://localhost/notas_fiscais/new]
  [4;35;1mSQL (0.2ms)[0m   [0mSET client_min_messages TO 'panic'[0m
  [4;36;1mSQL (0.1ms)[0m   [0;1mSET client_min_messages TO 'notice'[0m


Processing NotasFiscaisController#new (for 127.0.0.1 at 2009-07-30 11:03:20) [GET]
Rendering template within layouts/blue
Rendering notas_fiscais/new
  [4;35;1mSQL (0.5ms)[0m   [0mSELECT count(*) AS count_all FROM "clientes" [0m
  [4;36;1mCliente Load (0.6ms)[0m   [0;1mSELECT * FROM "clientes" [0m
Rendered notas_fiscais/_form (36.1ms)
  [4;35;1mFuncionario Load (1.0ms)[0m   [0mSELECT * FROM "funcionarios" WHERE ("funcionarios"."id" = 1) LIMIT 1[0m
Rendered menus/_menu (25.3ms)
Completed in 92ms (View: 72, DB: 2) | 200 OK [http://localhost/notas_fiscais/new]
  [4;36;1mSQL (0.2ms)[0m   [0;1mSET client_min_messages TO 'panic'[0m
  [4;35;1mSQL (0.1ms)[0m   [0mSET client_min_messages TO 'notice'[0m


Processing NotasFiscaisController#new (for 127.0.0.1 at 2009-07-30 11:03:47) [GET]
Rendering template within layouts/blue
Rendering notas_fiscais/new
  [4;36;1mSQL (0.5ms)[0m   [0;1mSELECT count(*) AS count_all FROM "clientes" [0m
  [4;35;1mCliente Load (0.6ms)[0m   [0mSELECT * FROM "clientes" [0m
Rendered notas_fiscais/_form (36.4ms)
  [4;36;1mFuncionario Load (1.0ms)[0m   [0;1mSELECT * FROM "funcionarios" WHERE ("funcionarios"."id" = 1) LIMIT 1[0m
Rendered menus/_menu (24.9ms)
Completed in 93ms (View: 71, DB: 2) | 200 OK [http://localhost/notas_fiscais/new]
